import { registerInstance as __stencil_registerInstance, getElement as __stencil_getElement } from "@stencil/core";
import { h } from "@stencil/core";
export const MyComponent = class {
    constructor(hostRef) {
        __stencil_registerInstance(this, hostRef);
        this.isLoading = true;
    }
    loadCarbon() {
        const tagCanvasScript = document.createElement("script");
        tagCanvasScript.onload = () => { this.isLoading = false; };
        tagCanvasScript.src = "carbonldp.js";
        this.el.appendChild(tagCanvasScript);
        console.log("CarbonLDP");
    }
    render() {
        return (h("div", { id: "tags" }));
    }
    get el() { return __stencil_getElement(this); }
    static get style() { return "STYLE_TEXT_PLACEHOLDER:data-cloud"; }
};
