import { registerInstance as __stencil_registerInstance, getElement as __stencil_getElement } from "@stencil/core";
export const MyComponent = class {
    constructor(hostRef) {
        __stencil_registerInstance(this, hostRef);
        this.isLoading = true;
        this.data = [];
    }
    loadCarbon() {
        const tagCanvasScript = document.createElement("script");
        tagCanvasScript.onload = () => { this.isLoading = false; };
        tagCanvasScript.src = "carbonldp.js";
        this.el.appendChild(tagCanvasScript);
        console.log("CarbonLDP");
    }
    makeList() {
        console.log('here', this.data);
        /*const divT = document.querySelector("#tags");
        const ul = document.createElement("ul");
        divT.appendChild(ul);
        if(this.data.length > 0) {
          this.data.map((obj) => {
          const lis = document.createElement("li")
          lis.innerHTML = `<a href="#" data-weight=` + obj["movieCount"]+ `>` + obj["keywordLabel"] + `</a>`;
          ul.appendChild(lis);
        })
      }*/
    }
    render() {
        //  this.makeList()
        //    if(this.data.length > 0) {
        //      return (
        // <div id="tags">
        //  <ul>
        //    {this.data.map(function(obj){(<li><a href="#" data-weight={obj["movieCount"]}>{obj["keywordLabel"]}</a></li>)})}
        //  </ul>
        // </div>
        // );
        return (vghkcvkuv);
    }
    get el() { return __stencil_getElement(this); }
    static get style() { return "STYLE_TEXT_PLACEHOLDER:data-cloud"; }
};
