import { registerInstance as __stencil_registerInstance } from "@stencil/core";
export const MyComponent = class {
    constructor(hostRef) {
        __stencil_registerInstance(this, hostRef);
    }
    loadCarbon() {
        const tagCanvasScript = document.createElement("script");
        tagCanvasScript.onload = () => { this.isLoading = false; };
        tagCanvasScript.src = "carbonldp.js";
        this.el.appendChild(tagCanvasScript);
        console.log("Done");
    }
    render() {
        return (
        // <Fragment>
        // <div id="tags">
        //   <ul>
        //     <li><a href="#" data-weight="14">{}</a></li>
        //     <li><a href="#" data-weight="15">alternate history</a></li>
        //     <li><a href="#" data-weight="16">ambiguous ending </a></li>
        //     <li><a href="#" data-weight="17">americana</a></li>
        //     <li><a href="#" data-weight="18">anime</a></li>
        //     <li><a href="#" data-weight="19">anti hero</a></li>
        //     <li><a href="#" data-weight="20">avant-garde</a></li>
        //     <li><a href="#" data-weight="10">b movie</a></li>
        //     <li><a href="#" data-weight="11">bank heist </a></li>
        //     <li><a href="#" data-weight="12">based on book</a></li>
        //     <li><a href="#" data-weight="13">based on play</a></li>
        //     <li><a href="#" data-weight="14">based on comic </a></li>
        //     <li><a href="#" data-weight="15">based on comic book</a></li>
        //     <li><a href="#" data-weight="16">based on novel </a></li>
        //     <li><a href="#" data-weight="17">based on novella </a></li>
        //     <li><a href="#" data-weight="18">based on short story </a></li>
        //     <li><a href="#" data-weight="19">battle </a></li>
        //     <li><a href="#" data-weight="20">betrayal </a></li>
        //     <li><a href="#" data-weight="10">biker</a></li>
        //     <li><a href="#" data-weight="11">black comedy </a></li>
        //     <li><a href="#" data-weight="12">blockbuster</a></li>
        //     <li><a href="#" data-weight="13">bollywood</a></li>
        //     <li><a href="#" data-weight="14">breaking the fourth wall </a></li>
        //     <li><a href="#" data-weight="15">business </a></li>
        //     <li><a href="#" data-weight="16">caper</a></li>
        //     <li><a href="#" data-weight="17">car accident </a></li>
        //     <li><a href="#" data-weight="18">car chase</a></li>
        //     <li><a href="#" data-weight="19">car crash</a></li>
        //     <li><a href="#" data-weight="20">character name in title</a></li>
        //     <li><a href="#" data-weight="10">character's point of view camera shot</a></li>
        //     <li><a href="#" data-weight="11">chick flick</a></li>
        //     <li><a href="#" data-weight="12">coming of age</a></li>
        //     <li><a href="#" data-weight="13">competition</a></li>
        //     <li><a href="#" data-weight="14">conspiracy </a></li>
        //     <li><a href="#" data-weight="15">corruption </a></li>
        //     <li><a href="#" data-weight="16">criminal mastermind</a></li>
        //     <li><a href="#" data-weight="17">cult </a></li>
        //     <li><a href="#" data-weight="18">cult film</a></li>
        //     <li><a href="#" data-weight="19">cyberpunk</a></li>
        //     <li><a href="#" data-weight="20">dark hero</a></li>
        //     <li><a href="#" data-weight="10">deus ex machina</a></li>
        //     <li><a href="#" data-weight="11">dialogue driven</a></li>
        //     <li><a href="#" data-weight="12">dialogue driven storyline</a></li>
        //     <li><a href="#" data-weight="13">directed by star </a></li>
        //     <li><a href="#" data-weight="14">director cameo </a></li>
        //     <li><a href="#" data-weight="15">double cross </a></li>
        //     <li><a href="#" data-weight="16">dream sequence </a></li>
        //     <li><a href="#" data-weight="17">dystopia </a></li>
        //     <li><a href="#" data-weight="18">ensemble cast</a></li>
        //     <li><a href="#" data-weight="19">epic </a></li>
        //     <li><a href="#" data-weight="20">espionage</a></li>
        //     <li><a href="#" data-weight="10">experimental </a></li>
        //     <li><a href="#" data-weight="11">experimental film</a></li>
        //     <li><a href="#" data-weight="12">fairy tale </a></li>
        //     <li><a href="#" data-weight="13">famous line</a></li>
        //     <li><a href="#" data-weight="14">famous opening theme </a></li>
        //     <li><a href="#" data-weight="15">famous score </a></li>
        //     <li><a href="#" data-weight="16">fantasy sequence </a></li>
        //     <li><a href="#" data-weight="17">farce</a></li>
        //     <li><a href="#" data-weight="18">father daughter relationship </a></li>
        //     <li><a href="#" data-weight="19">father son relationship</a></li>
        //     <li><a href="#" data-weight="20">femme fatale </a></li>
        //     <li><a href="#" data-weight="10">fictional biography</a></li>
        //     <li><a href="#" data-weight="11">flashback</a></li>
        //     <li><a href="#" data-weight="12">french new wave</a></li>
        //     <li><a href="#" data-weight="13">futuristic </a></li>
        //     <li><a href="#" data-weight="14">good versus evil </a></li>
        //     <li><a href="#" data-weight="15">heist</a></li>
        //     <li><a href="#" data-weight="16">hero </a></li>
        //     <li><a href="#" data-weight="17">high school</a></li>
        //     <li><a href="#" data-weight="18">husband wife relationship</a></li>
        //     <li><a href="#" data-weight="19">idealism </a></li>
        //     <li><a href="#" data-weight="20">independent film </a></li>
        //     <li><a href="#" data-weight="10">investigation</a></li>
        //     <li><a href="#" data-weight="11">kidnapping </a></li>
        //     <li><a href="#" data-weight="12">knight </a></li>
        //     <li><a href="#" data-weight="13">kung fu</a></li>
        //     <li><a href="#" data-weight="14">macguffin</a></li>
        //     <li><a href="#" data-weight="15">medieval times </a></li>
        //     <li><a href="#" data-weight="16">mockumentary </a></li>
        //     <li><a href="#" data-weight="17">monster</a></li>
        //     <li><a href="#" data-weight="18">mother daughter relationship </a></li>
        //     <li><a href="#" data-weight="19">mother son relationship</a></li>
        //     <li><a href="#" data-weight="20">multiple actors playing same role</a></li>
        //     <li><a href="#" data-weight="10">multiple endings </a></li>
        //     <li><a href="#" data-weight="11">multiple perspectives</a></li>
        //     <li><a href="#" data-weight="12">multiple storyline </a></li>
        //     <li><a href="#" data-weight="13">multiple time frames </a></li>
        //     <li><a href="#" data-weight="14">murder </a></li>
        //     <li><a href="#" data-weight="15">musical number </a></li>
        //     <li><a href="#" data-weight="16">neo noir </a></li>
        //     <li><a href="#" data-weight="17">neorealism </a></li>
        //     <li><a href="#" data-weight="18">ninja</a></li>
        //     <li><a href="#" data-weight="19">no background score</a></li>
        //     <li><a href="#" data-weight="20">no music </a></li>
        //     <li><a href="#" data-weight="10">no opening credits </a></li>
        //     <li><a href="#" data-weight="11">no title at beginning</a></li>
        //     <li><a href="#" data-weight="12">nonlinear timeline </a></li>
        //     <li><a href="#" data-weight="13">on the run </a></li>
        //     <li><a href="#" data-weight="14">one against many </a></li>
        //     <li><a href="#" data-weight="15">one man army </a></li>
        //     <li><a href="#" data-weight="16">opening action scene </a></li>
        //     <li><a href="#" data-weight="17">organized crime</a></li>
        //     <li><a href="#" data-weight="18">parenthood </a></li>
        //     <li><a href="#" data-weight="19">parody </a></li>
        //     <li><a href="#" data-weight="20">plot twist </a></li>
        //     <li><a href="#" data-weight="10">police corruption</a></li>
        //     <li><a href="#" data-weight="11">police detective </a></li>
        //     <li><a href="#" data-weight="12">post-apocalypse</a></li>
        //     <li><a href="#" data-weight="13">postmodern </a></li>
        //     <li><a href="#" data-weight="14">psychopath </a></li>
        //     <li><a href="#" data-weight="15">race against time</a></li>
        //     <li><a href="#" data-weight="16">redemption </a></li>
        //     <li><a href="#" data-weight="17">remake </a></li>
        //     <li><a href="#" data-weight="18">rescue </a></li>
        //     <li><a href="#" data-weight="19">road movie </a></li>
        //     <li><a href="#" data-weight="20">robbery</a></li>
        //     <li><a href="#" data-weight="10">robot</a></li>
        //     <li><a href="#" data-weight="11">rotoscoping</a></li>
        //     <li><a href="#" data-weight="12">satire </a></li>
        //     <li><a href="#" data-weight="13">self sacrifice </a></li>
        //     <li><a href="#" data-weight="14">serial killer</a></li>
        //     <li><a href="#" data-weight="15">shakespeare</a></li>
        //     <li><a href="#" data-weight="16">shootout </a></li>
        //     <li><a href="#" data-weight="17">show within a show </a></li>
        //     <li><a href="#" data-weight="18">slasher</a></li>
        //     <li><a href="#" data-weight="19">southern gothic</a></li>
        //     <li><a href="#" data-weight="20">spaghetti western</a></li>
        //     <li><a href="#" data-weight="10">spirituality </a></li>
        //     <li><a href="#" data-weight="11">spoof</a></li>
        //     <li><a href="#" data-weight="12">steampunk</a></li>
        //     <li><a href="#" data-weight="13">subjective camera</a></li>
        //     <li><a href="#" data-weight="14">superhero</a></li>
        //     <li><a href="#" data-weight="15">supernatural </a></li>
        //     <li><a href="#" data-weight="16">surprise ending</a></li>
        //     <li><a href="#" data-weight="17">swashbuckler </a></li>
        //     <li><a href="#" data-weight="18">sword and sandal </a></li>
        //     <li><a href="#" data-weight="19">tech-noir</a></li>
        //     <li><a href="#" data-weight="20">time travel</a></li>
        //     <li><a href="#" data-weight="10">title spoken by character</a></li>
        //     <li><a href="#" data-weight="11">told in flashback</a></li>
        //     <li><a href="#" data-weight="12">vampire</a></li>
        //     <li><a href="#" data-weight="13">virtual reality</a></li>
        //     <li><a href="#" data-weight="14">voice over narration </a></li>
        //     <li><a href="#" data-weight="15">whistleblower</a></li>
        //     <li><a href="#" data-weight="16">wilhelm scream </a></li>
        //     <li><a href="#" data-weight="17">wuxia</a></li>
        //     <li><a href="#" data-weight="18">zombie</a></li>
        //   </ul>
        // </div>
        // </Fragment>
        // );
        );
        // <Fragment>
        // <div id="tags">
        //   <ul>
        //     <li><a href="#" data-weight="14">{}</a></li>
        //     <li><a href="#" data-weight="15">alternate history</a></li>
        //     <li><a href="#" data-weight="16">ambiguous ending </a></li>
        //     <li><a href="#" data-weight="17">americana</a></li>
        //     <li><a href="#" data-weight="18">anime</a></li>
        //     <li><a href="#" data-weight="19">anti hero</a></li>
        //     <li><a href="#" data-weight="20">avant-garde</a></li>
        //     <li><a href="#" data-weight="10">b movie</a></li>
        //     <li><a href="#" data-weight="11">bank heist </a></li>
        //     <li><a href="#" data-weight="12">based on book</a></li>
        //     <li><a href="#" data-weight="13">based on play</a></li>
        //     <li><a href="#" data-weight="14">based on comic </a></li>
        //     <li><a href="#" data-weight="15">based on comic book</a></li>
        //     <li><a href="#" data-weight="16">based on novel </a></li>
        //     <li><a href="#" data-weight="17">based on novella </a></li>
        //     <li><a href="#" data-weight="18">based on short story </a></li>
        //     <li><a href="#" data-weight="19">battle </a></li>
        //     <li><a href="#" data-weight="20">betrayal </a></li>
        //     <li><a href="#" data-weight="10">biker</a></li>
        //     <li><a href="#" data-weight="11">black comedy </a></li>
        //     <li><a href="#" data-weight="12">blockbuster</a></li>
        //     <li><a href="#" data-weight="13">bollywood</a></li>
        //     <li><a href="#" data-weight="14">breaking the fourth wall </a></li>
        //     <li><a href="#" data-weight="15">business </a></li>
        //     <li><a href="#" data-weight="16">caper</a></li>
        //     <li><a href="#" data-weight="17">car accident </a></li>
        //     <li><a href="#" data-weight="18">car chase</a></li>
        //     <li><a href="#" data-weight="19">car crash</a></li>
        //     <li><a href="#" data-weight="20">character name in title</a></li>
        //     <li><a href="#" data-weight="10">character's point of view camera shot</a></li>
        //     <li><a href="#" data-weight="11">chick flick</a></li>
        //     <li><a href="#" data-weight="12">coming of age</a></li>
        //     <li><a href="#" data-weight="13">competition</a></li>
        //     <li><a href="#" data-weight="14">conspiracy </a></li>
        //     <li><a href="#" data-weight="15">corruption </a></li>
        //     <li><a href="#" data-weight="16">criminal mastermind</a></li>
        //     <li><a href="#" data-weight="17">cult </a></li>
        //     <li><a href="#" data-weight="18">cult film</a></li>
        //     <li><a href="#" data-weight="19">cyberpunk</a></li>
        //     <li><a href="#" data-weight="20">dark hero</a></li>
        //     <li><a href="#" data-weight="10">deus ex machina</a></li>
        //     <li><a href="#" data-weight="11">dialogue driven</a></li>
        //     <li><a href="#" data-weight="12">dialogue driven storyline</a></li>
        //     <li><a href="#" data-weight="13">directed by star </a></li>
        //     <li><a href="#" data-weight="14">director cameo </a></li>
        //     <li><a href="#" data-weight="15">double cross </a></li>
        //     <li><a href="#" data-weight="16">dream sequence </a></li>
        //     <li><a href="#" data-weight="17">dystopia </a></li>
        //     <li><a href="#" data-weight="18">ensemble cast</a></li>
        //     <li><a href="#" data-weight="19">epic </a></li>
        //     <li><a href="#" data-weight="20">espionage</a></li>
        //     <li><a href="#" data-weight="10">experimental </a></li>
        //     <li><a href="#" data-weight="11">experimental film</a></li>
        //     <li><a href="#" data-weight="12">fairy tale </a></li>
        //     <li><a href="#" data-weight="13">famous line</a></li>
        //     <li><a href="#" data-weight="14">famous opening theme </a></li>
        //     <li><a href="#" data-weight="15">famous score </a></li>
        //     <li><a href="#" data-weight="16">fantasy sequence </a></li>
        //     <li><a href="#" data-weight="17">farce</a></li>
        //     <li><a href="#" data-weight="18">father daughter relationship </a></li>
        //     <li><a href="#" data-weight="19">father son relationship</a></li>
        //     <li><a href="#" data-weight="20">femme fatale </a></li>
        //     <li><a href="#" data-weight="10">fictional biography</a></li>
        //     <li><a href="#" data-weight="11">flashback</a></li>
        //     <li><a href="#" data-weight="12">french new wave</a></li>
        //     <li><a href="#" data-weight="13">futuristic </a></li>
        //     <li><a href="#" data-weight="14">good versus evil </a></li>
        //     <li><a href="#" data-weight="15">heist</a></li>
        //     <li><a href="#" data-weight="16">hero </a></li>
        //     <li><a href="#" data-weight="17">high school</a></li>
        //     <li><a href="#" data-weight="18">husband wife relationship</a></li>
        //     <li><a href="#" data-weight="19">idealism </a></li>
        //     <li><a href="#" data-weight="20">independent film </a></li>
        //     <li><a href="#" data-weight="10">investigation</a></li>
        //     <li><a href="#" data-weight="11">kidnapping </a></li>
        //     <li><a href="#" data-weight="12">knight </a></li>
        //     <li><a href="#" data-weight="13">kung fu</a></li>
        //     <li><a href="#" data-weight="14">macguffin</a></li>
        //     <li><a href="#" data-weight="15">medieval times </a></li>
        //     <li><a href="#" data-weight="16">mockumentary </a></li>
        //     <li><a href="#" data-weight="17">monster</a></li>
        //     <li><a href="#" data-weight="18">mother daughter relationship </a></li>
        //     <li><a href="#" data-weight="19">mother son relationship</a></li>
        //     <li><a href="#" data-weight="20">multiple actors playing same role</a></li>
        //     <li><a href="#" data-weight="10">multiple endings </a></li>
        //     <li><a href="#" data-weight="11">multiple perspectives</a></li>
        //     <li><a href="#" data-weight="12">multiple storyline </a></li>
        //     <li><a href="#" data-weight="13">multiple time frames </a></li>
        //     <li><a href="#" data-weight="14">murder </a></li>
        //     <li><a href="#" data-weight="15">musical number </a></li>
        //     <li><a href="#" data-weight="16">neo noir </a></li>
        //     <li><a href="#" data-weight="17">neorealism </a></li>
        //     <li><a href="#" data-weight="18">ninja</a></li>
        //     <li><a href="#" data-weight="19">no background score</a></li>
        //     <li><a href="#" data-weight="20">no music </a></li>
        //     <li><a href="#" data-weight="10">no opening credits </a></li>
        //     <li><a href="#" data-weight="11">no title at beginning</a></li>
        //     <li><a href="#" data-weight="12">nonlinear timeline </a></li>
        //     <li><a href="#" data-weight="13">on the run </a></li>
        //     <li><a href="#" data-weight="14">one against many </a></li>
        //     <li><a href="#" data-weight="15">one man army </a></li>
        //     <li><a href="#" data-weight="16">opening action scene </a></li>
        //     <li><a href="#" data-weight="17">organized crime</a></li>
        //     <li><a href="#" data-weight="18">parenthood </a></li>
        //     <li><a href="#" data-weight="19">parody </a></li>
        //     <li><a href="#" data-weight="20">plot twist </a></li>
        //     <li><a href="#" data-weight="10">police corruption</a></li>
        //     <li><a href="#" data-weight="11">police detective </a></li>
        //     <li><a href="#" data-weight="12">post-apocalypse</a></li>
        //     <li><a href="#" data-weight="13">postmodern </a></li>
        //     <li><a href="#" data-weight="14">psychopath </a></li>
        //     <li><a href="#" data-weight="15">race against time</a></li>
        //     <li><a href="#" data-weight="16">redemption </a></li>
        //     <li><a href="#" data-weight="17">remake </a></li>
        //     <li><a href="#" data-weight="18">rescue </a></li>
        //     <li><a href="#" data-weight="19">road movie </a></li>
        //     <li><a href="#" data-weight="20">robbery</a></li>
        //     <li><a href="#" data-weight="10">robot</a></li>
        //     <li><a href="#" data-weight="11">rotoscoping</a></li>
        //     <li><a href="#" data-weight="12">satire </a></li>
        //     <li><a href="#" data-weight="13">self sacrifice </a></li>
        //     <li><a href="#" data-weight="14">serial killer</a></li>
        //     <li><a href="#" data-weight="15">shakespeare</a></li>
        //     <li><a href="#" data-weight="16">shootout </a></li>
        //     <li><a href="#" data-weight="17">show within a show </a></li>
        //     <li><a href="#" data-weight="18">slasher</a></li>
        //     <li><a href="#" data-weight="19">southern gothic</a></li>
        //     <li><a href="#" data-weight="20">spaghetti western</a></li>
        //     <li><a href="#" data-weight="10">spirituality </a></li>
        //     <li><a href="#" data-weight="11">spoof</a></li>
        //     <li><a href="#" data-weight="12">steampunk</a></li>
        //     <li><a href="#" data-weight="13">subjective camera</a></li>
        //     <li><a href="#" data-weight="14">superhero</a></li>
        //     <li><a href="#" data-weight="15">supernatural </a></li>
        //     <li><a href="#" data-weight="16">surprise ending</a></li>
        //     <li><a href="#" data-weight="17">swashbuckler </a></li>
        //     <li><a href="#" data-weight="18">sword and sandal </a></li>
        //     <li><a href="#" data-weight="19">tech-noir</a></li>
        //     <li><a href="#" data-weight="20">time travel</a></li>
        //     <li><a href="#" data-weight="10">title spoken by character</a></li>
        //     <li><a href="#" data-weight="11">told in flashback</a></li>
        //     <li><a href="#" data-weight="12">vampire</a></li>
        //     <li><a href="#" data-weight="13">virtual reality</a></li>
        //     <li><a href="#" data-weight="14">voice over narration </a></li>
        //     <li><a href="#" data-weight="15">whistleblower</a></li>
        //     <li><a href="#" data-weight="16">wilhelm scream </a></li>
        //     <li><a href="#" data-weight="17">wuxia</a></li>
        //     <li><a href="#" data-weight="18">zombie</a></li>
        //   </ul>
        // </div>
        // </Fragment>
        // );
    }
    static get style() { return "STYLE_TEXT_PLACEHOLDER:data-cloud"; }
};
