import { registerInstance as __stencil_registerInstance, getElement as __stencil_getElement } from "@stencil/core";
import { h } from "@stencil/core";
import Fragment from 'stencil-fragment';
export const MyComponent = class {
    constructor(hostRef) {
        __stencil_registerInstance(this, hostRef);
        /**
         * The first name
         */
        this.data = { items: [] };
        this.myTitle = "";
        this.isLoading = true;
    }
    async printConsoleLog() {
        console.log("method");
    }
    componentDidLoad() {
        const tagCanvasScript = document.createElement("script");
        tagCanvasScript.onload = () => { this.isLoading = false; };
        tagCanvasScript.src = "assets/data-cloud.js";
        this.el.appendChild(tagCanvasScript);
        console.log("Done");
    }
    render() {
        return (h(Fragment, null, h("div", { id: "myCanvasContainer" }, h("canvas", { width: "1000", height: "300", id: "myCanvas" }, h("p", null, "Anything in here will be replaced on browsers that support the canvas element"))), h("div", null, h("data-cloud", null))));
    }
    get el() { return __stencil_getElement(this); }
    static get style() { return "STYLE_TEXT_PLACEHOLDER:my-component"; }
};
